[0m18:20:18.142501 [debug] [MainThread]: Sending event: {'category': 'dbt', 'action': 'invocation', 'label': 'start', 'context': [<snowplow_tracker.self_describing_json.SelfDescribingJson object at 0x000001C46E993010>, <snowplow_tracker.self_describing_json.SelfDescribingJson object at 0x000001C471133290>, <snowplow_tracker.self_describing_json.SelfDescribingJson object at 0x000001C47204F850>]}


============================== 18:20:18.272772 | c13c6b22-54f5-4bd1-96a7-405809f697fc ==============================
[0m18:20:18.272772 [info ] [MainThread]: Running with dbt=1.10.15
[0m18:20:18.274775 [debug] [MainThread]: running dbt with arguments {'cache_selected_only': 'False', 'use_colors': 'True', 'profiles_dir': 'C:\\Users\\sande\\.dbt', 'no_print': 'None', 'target_path': 'None', 'warn_error': 'None', 'log_path': 'logs', 'partial_parse': 'True', 'indirect_selection': 'eager', 'send_anonymous_usage_stats': 'True', 'static_parser': 'True', 'warn_error_options': 'WarnErrorOptionsV2(error=[], warn=[], silence=[])', 'fail_fast': 'False', 'version_check': 'True', 'use_experimental_parser': 'False', 'introspect': 'True', 'quiet': 'False', 'empty': 'None', 'log_cache_events': 'False', 'debug': 'False', 'log_format': 'default', 'invocation_command': 'dbt init', 'printer_width': '80', 'write_json': 'True'}
[0m18:20:18.687256 [info ] [MainThread]: Creating dbt configuration folder at C:\Users\sande\.dbt
[0m18:20:41.057440 [debug] [MainThread]: Starter project path: E:\Courses\Data Engineer YT Materials\DBTTutorial\.venv\Lib\site-packages\dbt\include\starter_project
[0m18:20:41.152153 [info ] [MainThread]: 
Your new dbt project "dbt_tutorial" was created!

For more information on how to configure the profiles.yml file,
please consult the dbt documentation here:

  https://docs.getdbt.com/docs/configure-your-profile

One more thing:

Need help? Don't hesitate to reach out to us via GitHub issues or on Slack:

  https://community.getdbt.com/

Happy modeling!

[0m18:20:41.153472 [info ] [MainThread]: Setting up your profile.
[0m18:21:16.623525 [debug] [MainThread]: Spark adapter: Setting pyhive.hive logging to ERROR
[0m18:21:16.624030 [debug] [MainThread]: Spark adapter: Setting thrift.transport logging to ERROR
[0m18:21:16.625041 [debug] [MainThread]: Spark adapter: Setting thrift.protocol logging to ERROR
[0m18:25:09.498565 [info ] [MainThread]: Profile dbt_tutorial written to C:\Users\sande\.dbt\profiles.yml using target's profile_template.yml and your supplied values. Run 'dbt debug' to validate the connection.
[0m18:25:09.505577 [debug] [MainThread]: Command `dbt init` succeeded at 18:25:09.505577 after 291.44 seconds
[0m18:25:09.508567 [debug] [MainThread]: Sending event: {'category': 'dbt', 'action': 'invocation', 'label': 'end', 'context': [<snowplow_tracker.self_describing_json.SelfDescribingJson object at 0x000001C47200A610>, <snowplow_tracker.self_describing_json.SelfDescribingJson object at 0x000001C472083E90>, <snowplow_tracker.self_describing_json.SelfDescribingJson object at 0x000001C472083CD0>]}
[0m18:25:09.509863 [debug] [MainThread]: Flushing usage events
[0m18:25:10.711297 [debug] [MainThread]: An error was encountered while trying to flush usage events
[0m18:25:29.995261 [debug] [MainThread]: Sending event: {'category': 'dbt', 'action': 'invocation', 'label': 'start', 'context': [<snowplow_tracker.self_describing_json.SelfDescribingJson object at 0x000001E79B1B5B10>, <snowplow_tracker.self_describing_json.SelfDescribingJson object at 0x000001E79AE5FCD0>, <snowplow_tracker.self_describing_json.SelfDescribingJson object at 0x000001E79B1B5210>]}


============================== 18:25:30.000536 | bf7f828b-192c-4457-9238-b4d1c0f44f36 ==============================
[0m18:25:30.000536 [info ] [MainThread]: Running with dbt=1.10.15
[0m18:25:30.001555 [debug] [MainThread]: running dbt with arguments {'log_format': 'default', 'write_json': 'True', 'use_colors': 'True', 'printer_width': '80', 'no_print': 'None', 'warn_error': 'None', 'static_parser': 'True', 'partial_parse': 'True', 'log_path': 'logs', 'send_anonymous_usage_stats': 'True', 'indirect_selection': 'eager', 'warn_error_options': 'WarnErrorOptionsV2(error=[], warn=[], silence=[])', 'fail_fast': 'False', 'use_experimental_parser': 'False', 'version_check': 'True', 'introspect': 'True', 'quiet': 'False', 'empty': 'None', 'log_cache_events': 'False', 'debug': 'False', 'profiles_dir': 'C:\\Users\\sande\\.dbt', 'invocation_command': 'dbt debug', 'cache_selected_only': 'False', 'target_path': 'None'}
[0m18:25:30.075000 [info ] [MainThread]: dbt version: 1.10.15
[0m18:25:30.076012 [info ] [MainThread]: python version: 3.11.1
[0m18:25:30.077026 [info ] [MainThread]: python path: E:\Courses\Data Engineer YT Materials\DBTTutorial\.venv\Scripts\python.exe
[0m18:25:30.078013 [info ] [MainThread]: os info: Windows-10-10.0.26200-SP0
[0m18:25:31.161808 [debug] [MainThread]: Spark adapter: Setting pyhive.hive logging to ERROR
[0m18:25:31.162820 [debug] [MainThread]: Spark adapter: Setting thrift.transport logging to ERROR
[0m18:25:31.163729 [debug] [MainThread]: Spark adapter: Setting thrift.protocol logging to ERROR
[0m18:25:32.348757 [info ] [MainThread]: Using profiles dir at C:\Users\sande\.dbt
[0m18:25:32.349672 [info ] [MainThread]: Using profiles.yml file at C:\Users\sande\.dbt\profiles.yml
[0m18:25:32.350663 [info ] [MainThread]: Using dbt_project.yml file at E:\Courses\Data Engineer YT Materials\DBTTutorial\dbt_project.yml
[0m18:25:32.351661 [info ] [MainThread]: adapter type: databricks
[0m18:25:32.352661 [info ] [MainThread]: adapter version: 1.11.0
[0m18:25:32.353663 [info ] [MainThread]: Configuration:
[0m18:25:32.355061 [info ] [MainThread]:   profiles.yml file [[32mOK found and valid[0m]
[0m18:25:32.356215 [info ] [MainThread]:   dbt_project.yml file [[31mERROR not found[0m]
[0m18:25:32.357495 [info ] [MainThread]: Required dependencies:
[0m18:25:32.358653 [debug] [MainThread]: Executing "git --help"
[0m18:25:32.406417 [debug] [MainThread]: STDOUT: "b"usage: git [-v | --version] [-h | --help] [-C <path>] [-c <name>=<value>]\n           [--exec-path[=<path>]] [--html-path] [--man-path] [--info-path]\n           [-p | --paginate | -P | --no-pager] [--no-replace-objects] [--no-lazy-fetch]\n           [--no-optional-locks] [--no-advice] [--bare] [--git-dir=<path>]\n           [--work-tree=<path>] [--namespace=<name>] [--config-env=<name>=<envvar>]\n           <command> [<args>]\n\nThese are common Git commands used in various situations:\n\nstart a working area (see also: git help tutorial)\n   clone      Clone a repository into a new directory\n   init       Create an empty Git repository or reinitialize an existing one\n\nwork on the current change (see also: git help everyday)\n   add        Add file contents to the index\n   mv         Move or rename a file, a directory, or a symlink\n   restore    Restore working tree files\n   rm         Remove files from the working tree and from the index\n\nexamine the history and state (see also: git help revisions)\n   bisect     Use binary search to find the commit that introduced a bug\n   diff       Show changes between commits, commit and working tree, etc\n   grep       Print lines matching a pattern\n   log        Show commit logs\n   show       Show various types of objects\n   status     Show the working tree status\n\ngrow, mark and tweak your common history\n   backfill   Download missing objects in a partial clone\n   branch     List, create, or delete branches\n   commit     Record changes to the repository\n   merge      Join two or more development histories together\n   rebase     Reapply commits on top of another base tip\n   reset      Reset current HEAD to the specified state\n   switch     Switch branches\n   tag        Create, list, delete or verify a tag object signed with GPG\n\ncollaborate (see also: git help workflows)\n   fetch      Download objects and refs from another repository\n   pull       Fetch from and integrate with another repository or a local branch\n   push       Update remote refs along with associated objects\n\n'git help -a' and 'git help -g' list available subcommands and some\nconcept guides. See 'git help <command>' or 'git help <concept>'\nto read about a specific subcommand or concept.\nSee 'git help git' for an overview of the system.\n""
[0m18:25:32.407430 [debug] [MainThread]: STDERR: "b''"
[0m18:25:32.408613 [info ] [MainThread]:  - git [[32mOK found[0m]

[0m18:25:32.408613 [info ] [MainThread]: Connection:
[0m18:25:32.409622 [info ] [MainThread]:   host: dbc-d23fa852-3fc0.cloud.databricks.com
[0m18:25:32.410621 [info ] [MainThread]:   http_path: /sql/1.0/warehouses/ffde22421250f756
[0m18:25:32.410621 [info ] [MainThread]:   catalog: dbt_tutorial_dev
[0m18:25:32.411621 [info ] [MainThread]:   schema: default
[0m18:25:32.412619 [info ] [MainThread]: Registered adapter: databricks=1.11.0
[0m18:25:32.963672 [debug] [MainThread]: Databricks adapter: DatabricksDBTConnection(session-id=None, name=debug) - Creating connection
[0m18:25:32.963672 [debug] [MainThread]: Acquiring new databricks connection 'debug'
[0m18:25:32.963672 [debug] [MainThread]: Using databricks connection "debug"
[0m18:25:32.963672 [debug] [MainThread]: On debug: select 1 as id
[0m18:25:32.965178 [debug] [MainThread]: Opening a new connection, currently in state init
[0m18:25:34.142041 [debug] [MainThread]: Databricks adapter: Connection(session-id=01f0cac7-321b-1838-bc8c-191bbf635334) - Created
[0m18:25:34.719289 [debug] [MainThread]: SQL status: OK in 1.750 seconds
[0m18:25:34.721289 [debug] [MainThread]: Databricks adapter: Cursor(session-id=01f0cac7-321b-1838-bc8c-191bbf635334, command-id=01f0cac7-3246-12e3-90ff-a3e6c817f420) - Closing
[0m18:25:34.723284 [debug] [MainThread]: On debug: Close
[0m18:25:34.723284 [debug] [MainThread]: Databricks adapter: Connection(session-id=01f0cac7-321b-1838-bc8c-191bbf635334) - Closing
[0m18:25:35.029511 [info ] [MainThread]:   Connection test: [[32mOK connection ok[0m]

[0m18:25:35.030440 [info ] [MainThread]: [31m1 check failed:[0m
[0m18:25:35.031456 [info ] [MainThread]: Project loading failed for the following reason:
 project path <E:\Courses\Data Engineer YT Materials\DBTTutorial\dbt_project.yml> not found

[0m18:25:35.032442 [debug] [MainThread]: Command `dbt debug` failed at 18:25:35.032442 after 5.16 seconds
[0m18:25:35.033540 [debug] [MainThread]: Sending event: {'category': 'dbt', 'action': 'invocation', 'label': 'end', 'context': [<snowplow_tracker.self_describing_json.SelfDescribingJson object at 0x000001E7AC84F410>, <snowplow_tracker.self_describing_json.SelfDescribingJson object at 0x000001E7944E07D0>, <snowplow_tracker.self_describing_json.SelfDescribingJson object at 0x000001E79B1B7DD0>]}
[0m18:25:35.033540 [debug] [MainThread]: Flushing usage events
[0m18:25:35.921314 [debug] [MainThread]: An error was encountered while trying to flush usage events
